<?xml version="1.0" encoding="UTF-8"?>
<!-- Generated by org.testng.reporters.JUnitXMLReporter -->
<testsuite hostname="LaptopWojtas" name="Command line test" tests="15" failures="0" timestamp="20 Dec 2013 21:57:26 GMT" time="128.421" errors="0">
  <testcase name="cookieWarningShouldNotReapprearAfterPageReload" time="2.028" classname="pl.agagra.google.tests.GoogleSearchTest"/>
  <testcase name="emptySearchShouldDoNothing" time="0.411" classname="pl.agagra.google.tests.GoogleSearchTest"/>
  <testcase name="exclusionOperatorShouldWork" time="4.489" classname="pl.agagra.google.tests.GoogleSearchTest"/>
  <testcase name="nonIndexedPhrasesShouldNotGiveAnyResults" time="0.375" classname="pl.agagra.google.tests.GoogleSearchTest"/>
  <testcase name="searchForUrlShouldGiveThePageOnFirstPosition" time="1.256" classname="pl.agagra.google.tests.GoogleSearchTest"/>
  <testcase name="shouldBePossibleToLoadSearchPage" time="0.186" classname="pl.agagra.google.tests.GoogleSearchTest"/>
  <testcase name="shouldBePossibleToSearchForEnglishNouns" time="1.276" classname="pl.agagra.google.tests.GoogleSearchTest"/>
  <testcase name="shouldBePossibleToSearchForEnglishNouns" time="1.239" classname="pl.agagra.google.tests.GoogleSearchTest"/>
  <testcase name="shouldBePossibleToSearchForEnglishNouns" time="1.352" classname="pl.agagra.google.tests.GoogleSearchTest"/>
  <testcase name="shouldBePossibleToSearchForEnglishNouns" time="1.259" classname="pl.agagra.google.tests.GoogleSearchTest"/>
  <testcase name="shouldBePossibleToSearchForEnglishNouns" time="1.314" classname="pl.agagra.google.tests.GoogleSearchTest"/>
  <testcase name="shouldBePossibleToSearchForEnglishNouns" time="0.968" classname="pl.agagra.google.tests.GoogleSearchTest"/>
  <testcase name="shouldBePossibleToSelectSuggestionsFromDropdown" time="4.979" classname="pl.agagra.google.tests.GoogleSearchTest"/>
  <testcase name="shouldSuggestCorrectSearchForMisspelledPhrases" time="1.311" classname="pl.agagra.google.tests.GoogleSearchTest"/>
  <testcase name="tooLongPhrasesShouldGiveWarnings" time="1.947" classname="pl.agagra.google.tests.GoogleSearchTest"/>
</testsuite> <!-- Command line test -->
