<?xml version="1.0" encoding="UTF-8" ?>
<testsuite failures="0" time="129.856" errors="0" skipped="0" tests="15" name="TestSuite">
  <properties>
[...]
</properties>
  <testcase time="2.023" classname="pl.agagra.google.tests.GoogleSearchTest" name="cookieWarningShouldNotReapprearAfterPageReload"/>
  <testcase time="0.41" classname="pl.agagra.google.tests.GoogleSearchTest" name="emptySearchShouldDoNothing"/>
  <testcase time="4.486" classname="pl.agagra.google.tests.GoogleSearchTest" name="exclusionOperatorShouldWork"/>
  <testcase time="0.375" classname="pl.agagra.google.tests.GoogleSearchTest" name="nonIndexedPhrasesShouldNotGiveAnyResults"/>
  <testcase time="1.256" classname="pl.agagra.google.tests.GoogleSearchTest" name="searchForUrlShouldGiveThePageOnFirstPosition"/>
  <testcase time="0.184" classname="pl.agagra.google.tests.GoogleSearchTest" name="shouldBePossibleToLoadSearchPage"/>
  <testcase time="1.276" classname="pl.agagra.google.tests.GoogleSearchTest" name="shouldBePossibleToSearchForEnglishNouns"/>
  <testcase time="1.237" classname="pl.agagra.google.tests.GoogleSearchTest" name="shouldBePossibleToSearchForEnglishNouns"/>
  <testcase time="1.351" classname="pl.agagra.google.tests.GoogleSearchTest" name="shouldBePossibleToSearchForEnglishNouns"/>
  <testcase time="1.257" classname="pl.agagra.google.tests.GoogleSearchTest" name="shouldBePossibleToSearchForEnglishNouns"/>
  <testcase time="1.31" classname="pl.agagra.google.tests.GoogleSearchTest" name="shouldBePossibleToSearchForEnglishNouns"/>
  <testcase time="0.966" classname="pl.agagra.google.tests.GoogleSearchTest" name="shouldBePossibleToSearchForEnglishNouns"/>
  <testcase time="4.977" classname="pl.agagra.google.tests.GoogleSearchTest" name="shouldBePossibleToSelectSuggestionsFromDropdown"/>
  <testcase time="1.31" classname="pl.agagra.google.tests.GoogleSearchTest" name="shouldSuggestCorrectSearchForMisspelledPhrases"/>
  <testcase time="1.945" classname="pl.agagra.google.tests.GoogleSearchTest" name="tooLongPhrasesShouldGiveWarnings"/>
</testsuite>